==================== 2026-04-07T13:21:17.675108Z | 83865574-7389-4de1-bed3-0bc5c1bf05f7 ====================
13:21:17.675140 [info ]: Starting dbt LSP server
13:21:17.675155 [info ]: Connecting to LSP client on port 47283
13:21:17.675329 [info ]: Successfully connected to LSP client
13:21:17.675338 [info ]: Creating LSP service...
13:21:17.751949 [info ]: Creating LSP server...
13:21:17.751973 [info ]: Starting LSP server...
13:22:08.294732 [info ]: Started loading project
13:22:08.294830 [info ]: Finished loading project [  0.00s]
==================== 2026-04-07T13:28:05.247427Z | 82c3099e-13b6-44ae-abfe-c8d4e387420c ====================
13:28:05.247462 [info ]: Starting dbt LSP server
13:28:05.247482 [info ]: Connecting to LSP client on port 37685
13:28:05.247633 [info ]: Successfully connected to LSP client
13:28:05.247641 [info ]: Creating LSP service...
13:28:05.305693 [info ]: Creating LSP server...
13:28:05.305719 [info ]: Starting LSP server...
13:28:06.364852 [info ]: Started loading project
13:28:06.364942 [info ]: Finished loading project [  0.00s]
==================== 2026-04-07T14:09:50.683331Z | 03309a81-9824-4ff5-bc72-6b6004b1e8b8 ====================
14:09:50.683367 [info ]: Starting dbt LSP server
14:09:50.683380 [info ]: Connecting to LSP client on port 37175
14:09:50.683536 [info ]: Successfully connected to LSP client
14:09:50.683546 [info ]: Creating LSP service...
14:09:50.740462 [info ]: Creating LSP server...
14:09:50.740489 [info ]: Starting LSP server...
14:09:51.264737 [info ]: Started loading project
14:09:51.264829 [info ]: Finished loading project [  0.00s]
==================== 2026-04-07T14:11:56.528920Z | c9c9ee9c-fb16-478d-8b52-64e202a17276 ====================
14:11:56.528953 [info ]: Starting dbt LSP server
14:11:56.528974 [info ]: Connecting to LSP client on port 53759
14:11:56.529130 [info ]: Successfully connected to LSP client
14:11:56.529138 [info ]: Creating LSP service...
14:11:56.586991 [info ]: Creating LSP server...
14:11:56.587024 [info ]: Starting LSP server...
14:11:57.154892 [info ]: Started loading project
14:11:57.154983 [info ]: Finished loading project [  0.00s]
==================== 2026-04-07T14:27:44.969158Z | c2555dac-3f8c-4576-a0d2-74662cfc07a2 ====================
14:27:44.969194 [info ]: Starting dbt LSP server
14:27:44.969205 [info ]: Connecting to LSP client on port 38113
14:27:44.969366 [info ]: Successfully connected to LSP client
14:27:44.969373 [info ]: Creating LSP service...
14:27:45.025512 [info ]: Creating LSP server...
14:27:45.025541 [info ]: Starting LSP server...
14:27:45.644798 [info ]: Started loading project
14:27:45.644890 [info ]: Finished loading project [  0.00s]
==================== 2026-04-07T14:28:59.023876Z | 7d7b75e3-fe63-461b-afc5-e889d12733e3 ====================
14:28:59.023908 [info ]: Starting dbt LSP server
14:28:59.023986 [info ]: Connecting to LSP client on port 46025
14:28:59.024158 [info ]: Successfully connected to LSP client
14:28:59.024166 [info ]: Creating LSP service...
14:28:59.081783 [info ]: Creating LSP server...
14:28:59.081811 [info ]: Starting LSP server...
14:28:59.684755 [info ]: Started loading project
14:28:59.684861 [info ]: Finished loading project [  0.00s]
==================== 2026-04-07T14:41:40.510574Z | ae557464-a060-4508-af5b-c1fe1df05ade ====================
14:41:40.510605 [info ]: Starting dbt LSP server
14:41:40.510616 [info ]: Connecting to LSP client on port 39853
14:41:40.510767 [info ]: Successfully connected to LSP client
14:41:40.510775 [info ]: Creating LSP service...
14:41:40.567796 [info ]: Creating LSP server...
14:41:40.567827 [info ]: Starting LSP server...
14:41:41.204744 [info ]: Started loading project
14:41:41.204840 [info ]: Finished loading project [  0.00s]
==================== 2026-04-07T15:07:10.665448Z | d30c6e98-27d2-48fa-8335-80d7fe38b242 ====================
15:07:10.665481 [info ]: Starting dbt LSP server
15:07:10.665492 [info ]: Connecting to LSP client on port 58881
15:07:10.665587 [info ]: Successfully connected to LSP client
15:07:10.665594 [info ]: Creating LSP service...
15:07:10.722914 [info ]: Creating LSP server...
15:07:10.722940 [info ]: Starting LSP server...
15:07:12.034826 [info ]: Started loading project
15:07:12.034923 [info ]: Finished loading project [  0.00s]
==================== 2026-04-07T15:08:00.958626Z | e6a99592-c21f-4602-baea-53ce8a9fee12 ====================
15:08:00.958660 [info ]: Starting dbt LSP server
15:08:00.958671 [info ]: Connecting to LSP client on port 42203
15:08:00.958816 [info ]: Successfully connected to LSP client
15:08:00.958825 [info ]: Creating LSP service...
15:08:01.014822 [info ]: Creating LSP server...
15:08:01.014852 [info ]: Starting LSP server...
15:08:01.514770 [info ]: Started loading project
15:08:01.514862 [info ]: Finished loading project [  0.00s]
==================== 2026-04-07T15:08:23.856429Z | 77adff69-2397-48e3-9632-bd166fb11485 ====================
15:08:23.856467 [info ]: Starting dbt LSP server
15:08:23.856490 [info ]: Connecting to LSP client on port 43591
15:08:23.856655 [info ]: Successfully connected to LSP client
15:08:23.856665 [info ]: Creating LSP service...
15:08:23.920824 [info ]: Creating LSP server...
15:08:23.920851 [info ]: Starting LSP server...
15:08:24.464768 [info ]: Started loading project
15:08:24.464875 [info ]: Finished loading project [  0.00s]
==================== 2026-04-07T15:15:47.361177Z | ae57f3ed-4081-4b07-872a-143f8d4b971e ====================
15:15:47.361210 [info ]: Starting dbt LSP server
15:15:47.361222 [info ]: Connecting to LSP client on port 34131
15:15:47.361376 [info ]: Successfully connected to LSP client
15:15:47.361385 [info ]: Creating LSP service...
15:15:47.418623 [info ]: Creating LSP server...
15:15:47.418650 [info ]: Starting LSP server...
15:15:47.934945 [info ]: Started loading project
15:15:47.935039 [info ]: Finished loading project [  0.00s]
==================== 2026-04-07T15:22:17.249827Z | 6946aed3-83e8-49d0-b70f-19f028492820 ====================
15:22:17.249861 [info ]: Starting dbt LSP server
15:22:17.249875 [info ]: Connecting to LSP client on port 55987
15:22:17.250037 [info ]: Successfully connected to LSP client
15:22:17.250045 [info ]: Creating LSP service...
15:22:17.307005 [info ]: Creating LSP server...
15:22:17.307033 [info ]: Starting LSP server...
15:22:18.314809 [info ]: Started loading project
15:22:18.314910 [info ]: Finished loading project [  0.00s]
==================== 2026-04-07T15:45:13.151894Z | d28bfa8a-7c97-4f0f-8c9b-042d5462ad47 ====================
15:45:13.151930 [info ]: Starting dbt LSP server
15:45:13.151942 [info ]: Connecting to LSP client on port 43593
15:45:13.152098 [info ]: Successfully connected to LSP client
15:45:13.152107 [info ]: Creating LSP service...
15:45:13.207691 [info ]: Creating LSP server...
15:45:13.207719 [info ]: Starting LSP server...
15:45:13.784797 [info ]: Started loading project
15:45:13.784899 [info ]: Finished loading project [  0.00s]
==================== 2026-04-07T15:46:22.509417Z | 1148bfba-29b6-4f22-a33a-cc70ede03a10 ====================
15:46:22.509467 [info ]: Starting dbt LSP server
15:46:22.509492 [info ]: Connecting to LSP client on port 36165
15:46:22.509673 [info ]: Successfully connected to LSP client
15:46:22.509684 [info ]: Creating LSP service...
15:46:22.571906 [info ]: Creating LSP server...
15:46:22.571934 [info ]: Starting LSP server...
15:46:23.234782 [info ]: Started loading project
15:46:23.234889 [info ]: Finished loading project [  0.00s]
==================== 2026-04-07T15:52:30.953865Z | f65cfa3e-ed3d-4a0c-b661-4ae891b92574 ====================
15:52:30.953894 [info ]: Starting dbt LSP server
15:52:30.953905 [info ]: Connecting to LSP client on port 51595
15:52:30.954099 [info ]: Successfully connected to LSP client
15:52:30.954109 [info ]: Creating LSP service...
15:52:31.011935 [info ]: Creating LSP server...
15:52:31.011962 [info ]: Starting LSP server...
15:52:31.944895 [info ]: Started loading project
15:52:31.945000 [info ]: Finished loading project [  0.00s]
